info it worked if it ends with ok
verbose cli [ 'node', '/usr/local/bin/npm', 'install', '-g', '.' ]
info using npm@1.0.22
info using node@v0.4.10
verbose /usr/local/bin/node node symlink
verbose config file /Users/Alex/.npmrc
verbose config file /usr/local/etc/npmrc
verbose into /usr/local/lib [ '.' ]
verbose cache add [ '.', null ]
silly testEngine { name: 'gfx',
silly testEngine   description: '3D CSS3 animation library for jQuery',
silly testEngine   version: '0.0.1',
silly testEngine   author: { name: 'maccman' },
silly testEngine   licenses: 
silly testEngine    [ { type: 'MIT',
silly testEngine        url: 'https://github.com/maccman/gfx/blob/master/LICENSE' } ],
silly testEngine   repository: 
silly testEngine    { type: 'git',
silly testEngine      url: 'git://github.com/maccman/gfx.git' },
silly testEngine   engine: [ '*' ],
silly testEngine   main: './lib/gfx.js',
silly testEngine   dependencies: { jqueryify: '~0.0.1' },
silly testEngine   _npmJsonOpts: 
silly testEngine    { file: 'package.json',
silly testEngine      wscript: false,
silly testEngine      contributors: false,
silly testEngine      serverjs: false },
silly testEngine   _id: 'gfx@0.0.1',
silly testEngine   devDependencies: {},
silly testEngine   engines: { node: '*' },
silly testEngine   _engineSupported: true,
silly testEngine   _npmVersion: '1.0.22',
silly testEngine   _nodeVersion: 'v0.4.10',
silly testEngine   _defaultsLoaded: true,
silly testEngine   path: '/Users/Alex/gfx' }
verbose caching package.json
verbose loadDefaults gfx@0.0.1
verbose pack /Users/Alex/gfx /var/folders/mY/mY4RjjHMFaioJYIOleW6yE+++TI/-Tmp-/npm-1312505057602/1312505057601-0.3457965194247663/tmp.tgz
verbose mkdir walkDirs /var
verbose mkdir walkDirs /var/folders
verbose mkdir walkDirs /var/folders/mY
verbose mkdir walkDirs /var/folders/mY/mY4RjjHMFaioJYIOleW6yE+++TI
verbose mkdir walkDirs /var/folders/mY/mY4RjjHMFaioJYIOleW6yE+++TI/-Tmp-
verbose mkdir walkDirs /var/folders/mY/mY4RjjHMFaioJYIOleW6yE+++TI/-Tmp-/npm-1312505057602
verbose mkdir (expected) error ENOENT, No such file or directory '/var/folders/mY/mY4RjjHMFaioJYIOleW6yE+++TI/-Tmp-/npm-1312505057602'
verbose mkdir walkDirs /var/folders/mY/mY4RjjHMFaioJYIOleW6yE+++TI/-Tmp-/npm-1312505057602/1312505057601-0.3457965194247663
verbose mkdir (expected) error ENOENT, No such file or directory '/var/folders/mY/mY4RjjHMFaioJYIOleW6yE+++TI/-Tmp-/npm-1312505057602/1312505057601-0.3457965194247663'
verbose mkdir done: /var/folders/mY/mY4RjjHMFaioJYIOleW6yE+++TI/-Tmp-/npm-1312505057602/1312505057601-0.3457965194247663 755
verbose mkdir'ed /var/folders/mY/mY4RjjHMFaioJYIOleW6yE+++TI/-Tmp-/npm-1312505057602/1312505057601-0.3457965194247663
verbose tar about to write tar and gzip it.
silly tar args [ '-cvf',
silly tar args   '-',
silly tar args   'gfx/index.html',
silly tar args   'gfx/LICENSE',
silly tar args   'gfx/Cakefile',
silly tar args   'gfx/package.json',
silly tar args   'gfx/README.md',
silly tar args   'gfx/lib/gfx.cube.js',
silly tar args   'gfx/lib/gfx.flip.js',
silly tar args   'gfx/lib/gfx.js',
silly tar args   'gfx/lib/gfx.overlay.js',
silly tar args   'gfx/site/jquery.js',
silly tar args   'gfx/site/site.css',
silly tar args   'gfx/src/gfx.coffee',
silly tar args   'gfx/src/gfx.cube.coffee',
silly tar args   'gfx/src/gfx.flip.coffee',
silly tar args   'gfx/src/gfx.overlay.coffee',
silly tar args   'gfx/examples/login/index.html',
silly tar args   'gfx/examples/login/css/application.less',
silly tar args   'gfx/examples/login/css/utils.less',
silly tar args   'gfx/examples/login/lib/coffee-script.js',
silly tar args   'gfx/examples/login/lib/less.js',
silly tar args   'gfx/examples/windows8/index.html',
silly tar args   'gfx/examples/windows8/css/application.less',
silly tar args   'gfx/examples/windows8/css/utils.less',
silly tar args   'gfx/examples/windows8/lib/coffee-script.js',
silly tar args   'gfx/examples/windows8/lib/less.js' ]
verbose success tar -cvf - <file list elided>
verbose success gzip "--stdout"
verbose mkdir walkDirs /var
verbose mkdir walkDirs /var/folders
verbose mkdir walkDirs /var/folders/mY
verbose mkdir walkDirs /var/folders/mY/mY4RjjHMFaioJYIOleW6yE+++TI
verbose mkdir walkDirs /var/folders/mY/mY4RjjHMFaioJYIOleW6yE+++TI/-Tmp-
verbose mkdir walkDirs /var/folders/mY/mY4RjjHMFaioJYIOleW6yE+++TI/-Tmp-/npm-1312505057602
verbose mkdir walkDirs /var/folders/mY/mY4RjjHMFaioJYIOleW6yE+++TI/-Tmp-/npm-1312505057602/1312505057601-0.3457965194247663
verbose mkdir walkDirs /var/folders/mY/mY4RjjHMFaioJYIOleW6yE+++TI/-Tmp-/npm-1312505057602/1312505057601-0.3457965194247663/contents
verbose mkdir (expected) error ENOENT, No such file or directory '/var/folders/mY/mY4RjjHMFaioJYIOleW6yE+++TI/-Tmp-/npm-1312505057602/1312505057601-0.3457965194247663/contents'
verbose mkdir walkDirs /var/folders/mY/mY4RjjHMFaioJYIOleW6yE+++TI/-Tmp-/npm-1312505057602/1312505057601-0.3457965194247663/contents/___package.npm
verbose mkdir (expected) error ENOENT, No such file or directory '/var/folders/mY/mY4RjjHMFaioJYIOleW6yE+++TI/-Tmp-/npm-1312505057602/1312505057601-0.3457965194247663/contents/___package.npm'
verbose mkdir done: /var/folders/mY/mY4RjjHMFaioJYIOleW6yE+++TI/-Tmp-/npm-1312505057602/1312505057601-0.3457965194247663/contents/___package.npm 755
verbose unpack_ uid, gid [ undefined, undefined ]
verbose unpackTarget /var/folders/mY/mY4RjjHMFaioJYIOleW6yE+++TI/-Tmp-/npm-1312505057602/1312505057601-0.3457965194247663/contents/package
silly gunzTarPerm modes [ '755', '644' ]
verbose success gzip "--decompress" "--stdout" "/var/folders/mY/mY4RjjHMFaioJYIOleW6yE+++TI/-Tmp-/npm-1312505057602/1312505057601-0.3457965194247663/tmp.tgz"
verbose success tar "-mvxpf" "-" "-o" "-C" "/var/folders/mY/mY4RjjHMFaioJYIOleW6yE+++TI/-Tmp-/npm-1312505057602/1312505057601-0.3457965194247663/contents/___package.npm"
silly asyncMap in gTP /var/folders/mY/mY4RjjHMFaioJYIOleW6yE+++TI/-Tmp-/npm-1312505057602/1312505057601-0.3457965194247663/contents/___package.npm/gfx/
silly asyncMap in gTP /var/folders/mY/mY4RjjHMFaioJYIOleW6yE+++TI/-Tmp-/npm-1312505057602/1312505057601-0.3457965194247663/contents/___package.npm/gfx/Cakefile
silly asyncMap in gTP /var/folders/mY/mY4RjjHMFaioJYIOleW6yE+++TI/-Tmp-/npm-1312505057602/1312505057601-0.3457965194247663/contents/___package.npm/gfx/index.html
silly asyncMap in gTP /var/folders/mY/mY4RjjHMFaioJYIOleW6yE+++TI/-Tmp-/npm-1312505057602/1312505057601-0.3457965194247663/contents/___package.npm/gfx/LICENSE
silly asyncMap in gTP /var/folders/mY/mY4RjjHMFaioJYIOleW6yE+++TI/-Tmp-/npm-1312505057602/1312505057601-0.3457965194247663/contents/___package.npm/gfx/package.json
silly asyncMap in gTP /var/folders/mY/mY4RjjHMFaioJYIOleW6yE+++TI/-Tmp-/npm-1312505057602/1312505057601-0.3457965194247663/contents/___package.npm/gfx/README.md
silly asyncMap in gTP /var/folders/mY/mY4RjjHMFaioJYIOleW6yE+++TI/-Tmp-/npm-1312505057602/1312505057601-0.3457965194247663/contents/___package.npm/gfx/lib/
silly asyncMap in gTP /var/folders/mY/mY4RjjHMFaioJYIOleW6yE+++TI/-Tmp-/npm-1312505057602/1312505057601-0.3457965194247663/contents/___package.npm/gfx/lib/gfx.cube.js
silly asyncMap in gTP /var/folders/mY/mY4RjjHMFaioJYIOleW6yE+++TI/-Tmp-/npm-1312505057602/1312505057601-0.3457965194247663/contents/___package.npm/gfx/lib/gfx.flip.js
silly asyncMap in gTP /var/folders/mY/mY4RjjHMFaioJYIOleW6yE+++TI/-Tmp-/npm-1312505057602/1312505057601-0.3457965194247663/contents/___package.npm/gfx/lib/gfx.js
silly asyncMap in gTP /var/folders/mY/mY4RjjHMFaioJYIOleW6yE+++TI/-Tmp-/npm-1312505057602/1312505057601-0.3457965194247663/contents/___package.npm/gfx/lib/gfx.overlay.js
silly asyncMap in gTP /var/folders/mY/mY4RjjHMFaioJYIOleW6yE+++TI/-Tmp-/npm-1312505057602/1312505057601-0.3457965194247663/contents/___package.npm/gfx/site/
silly asyncMap in gTP /var/folders/mY/mY4RjjHMFaioJYIOleW6yE+++TI/-Tmp-/npm-1312505057602/1312505057601-0.3457965194247663/contents/___package.npm/gfx/site/jquery.js
silly asyncMap in gTP /var/folders/mY/mY4RjjHMFaioJYIOleW6yE+++TI/-Tmp-/npm-1312505057602/1312505057601-0.3457965194247663/contents/___package.npm/gfx/site/site.css
silly asyncMap in gTP /var/folders/mY/mY4RjjHMFaioJYIOleW6yE+++TI/-Tmp-/npm-1312505057602/1312505057601-0.3457965194247663/contents/___package.npm/gfx/src/
silly asyncMap in gTP /var/folders/mY/mY4RjjHMFaioJYIOleW6yE+++TI/-Tmp-/npm-1312505057602/1312505057601-0.3457965194247663/contents/___package.npm/gfx/src/gfx.coffee
silly asyncMap in gTP /var/folders/mY/mY4RjjHMFaioJYIOleW6yE+++TI/-Tmp-/npm-1312505057602/1312505057601-0.3457965194247663/contents/___package.npm/gfx/src/gfx.cube.coffee
silly asyncMap in gTP /var/folders/mY/mY4RjjHMFaioJYIOleW6yE+++TI/-Tmp-/npm-1312505057602/1312505057601-0.3457965194247663/contents/___package.npm/gfx/src/gfx.flip.coffee
silly asyncMap in gTP /var/folders/mY/mY4RjjHMFaioJYIOleW6yE+++TI/-Tmp-/npm-1312505057602/1312505057601-0.3457965194247663/contents/___package.npm/gfx/src/gfx.overlay.coffee
silly asyncMap in gTP /var/folders/mY/mY4RjjHMFaioJYIOleW6yE+++TI/-Tmp-/npm-1312505057602/1312505057601-0.3457965194247663/contents/___package.npm/gfx/examples/
silly asyncMap in gTP /var/folders/mY/mY4RjjHMFaioJYIOleW6yE+++TI/-Tmp-/npm-1312505057602/1312505057601-0.3457965194247663/contents/___package.npm/gfx/examples/login/
silly asyncMap in gTP /var/folders/mY/mY4RjjHMFaioJYIOleW6yE+++TI/-Tmp-/npm-1312505057602/1312505057601-0.3457965194247663/contents/___package.npm/gfx/examples/login/index.html
silly asyncMap in gTP /var/folders/mY/mY4RjjHMFaioJYIOleW6yE+++TI/-Tmp-/npm-1312505057602/1312505057601-0.3457965194247663/contents/___package.npm/gfx/examples/login/css/
silly asyncMap in gTP /var/folders/mY/mY4RjjHMFaioJYIOleW6yE+++TI/-Tmp-/npm-1312505057602/1312505057601-0.3457965194247663/contents/___package.npm/gfx/examples/login/css/application.less
silly asyncMap in gTP /var/folders/mY/mY4RjjHMFaioJYIOleW6yE+++TI/-Tmp-/npm-1312505057602/1312505057601-0.3457965194247663/contents/___package.npm/gfx/examples/login/css/utils.less
silly asyncMap in gTP /var/folders/mY/mY4RjjHMFaioJYIOleW6yE+++TI/-Tmp-/npm-1312505057602/1312505057601-0.3457965194247663/contents/___package.npm/gfx/examples/login/lib/
silly asyncMap in gTP /var/folders/mY/mY4RjjHMFaioJYIOleW6yE+++TI/-Tmp-/npm-1312505057602/1312505057601-0.3457965194247663/contents/___package.npm/gfx/examples/login/lib/coffee-script.js
silly asyncMap in gTP /var/folders/mY/mY4RjjHMFaioJYIOleW6yE+++TI/-Tmp-/npm-1312505057602/1312505057601-0.3457965194247663/contents/___package.npm/gfx/examples/login/lib/less.js
silly asyncMap in gTP /var/folders/mY/mY4RjjHMFaioJYIOleW6yE+++TI/-Tmp-/npm-1312505057602/1312505057601-0.3457965194247663/contents/___package.npm/gfx/examples/windows8/
silly asyncMap in gTP /var/folders/mY/mY4RjjHMFaioJYIOleW6yE+++TI/-Tmp-/npm-1312505057602/1312505057601-0.3457965194247663/contents/___package.npm/gfx/examples/windows8/index.html
silly asyncMap in gTP /var/folders/mY/mY4RjjHMFaioJYIOleW6yE+++TI/-Tmp-/npm-1312505057602/1312505057601-0.3457965194247663/contents/___package.npm/gfx/examples/windows8/css/
silly asyncMap in gTP /var/folders/mY/mY4RjjHMFaioJYIOleW6yE+++TI/-Tmp-/npm-1312505057602/1312505057601-0.3457965194247663/contents/___package.npm/gfx/examples/windows8/css/application.less
silly asyncMap in gTP /var/folders/mY/mY4RjjHMFaioJYIOleW6yE+++TI/-Tmp-/npm-1312505057602/1312505057601-0.3457965194247663/contents/___package.npm/gfx/examples/windows8/css/utils.less
silly asyncMap in gTP /var/folders/mY/mY4RjjHMFaioJYIOleW6yE+++TI/-Tmp-/npm-1312505057602/1312505057601-0.3457965194247663/contents/___package.npm/gfx/examples/windows8/lib/
silly asyncMap in gTP /var/folders/mY/mY4RjjHMFaioJYIOleW6yE+++TI/-Tmp-/npm-1312505057602/1312505057601-0.3457965194247663/contents/___package.npm/gfx/examples/windows8/lib/coffee-script.js
silly asyncMap in gTP /var/folders/mY/mY4RjjHMFaioJYIOleW6yE+++TI/-Tmp-/npm-1312505057602/1312505057601-0.3457965194247663/contents/___package.npm/gfx/examples/windows8/lib/less.js
verbose gunzed /var/folders/mY/mY4RjjHMFaioJYIOleW6yE+++TI/-Tmp-/npm-1312505057602/1312505057601-0.3457965194247663/contents/___package.npm/gfx
verbose rm'ed /var/folders/mY/mY4RjjHMFaioJYIOleW6yE+++TI/-Tmp-/npm-1312505057602/1312505057601-0.3457965194247663/contents/package
verbose renamed [ '/var/folders/mY/mY4RjjHMFaioJYIOleW6yE+++TI/-Tmp-/npm-1312505057602/1312505057601-0.3457965194247663/contents/___package.npm/gfx',
verbose renamed   '/var/folders/mY/mY4RjjHMFaioJYIOleW6yE+++TI/-Tmp-/npm-1312505057602/1312505057601-0.3457965194247663/contents/package' ]
silly testEngine { name: 'gfx',
silly testEngine   description: '3D CSS3 animation library for jQuery',
silly testEngine   version: '0.0.1',
silly testEngine   author: { name: 'maccman' },
silly testEngine   licenses: 
silly testEngine    [ { type: 'MIT',
silly testEngine        url: 'https://github.com/maccman/gfx/blob/master/LICENSE' } ],
silly testEngine   repository: 
silly testEngine    { type: 'git',
silly testEngine      url: 'git://github.com/maccman/gfx.git' },
silly testEngine   engine: [ '*' ],
silly testEngine   main: './lib/gfx.js',
silly testEngine   dependencies: { jqueryify: '~0.0.1' },
silly testEngine   _npmJsonOpts: 
silly testEngine    { file: '/var/folders/mY/mY4RjjHMFaioJYIOleW6yE+++TI/-Tmp-/npm-1312505057602/1312505057601-0.3457965194247663/contents/package/package.json',
silly testEngine      wscript: false,
silly testEngine      contributors: false,
silly testEngine      serverjs: false },
silly testEngine   _id: 'gfx@0.0.1',
silly testEngine   devDependencies: {},
silly testEngine   engines: { node: '*' },
silly testEngine   _engineSupported: true,
silly testEngine   _npmVersion: '1.0.22',
silly testEngine   _nodeVersion: 'v0.4.10',
silly testEngine   _defaultsLoaded: true,
silly testEngine   path: '/var/folders/mY/mY4RjjHMFaioJYIOleW6yE+++TI/-Tmp-/npm-1312505057602/1312505057601-0.3457965194247663/contents/package' }
verbose caching /var/folders/mY/mY4RjjHMFaioJYIOleW6yE+++TI/-Tmp-/npm-1312505057602/1312505057601-0.3457965194247663/contents/package/package.json
verbose loadDefaults gfx@0.0.1
verbose tarball contents [ 'package' ]
verbose from cache /var/folders/mY/mY4RjjHMFaioJYIOleW6yE+++TI/-Tmp-/npm-1312505057602/1312505057601-0.3457965194247663/contents/package/package.json
verbose pack /var/folders/mY/mY4RjjHMFaioJYIOleW6yE+++TI/-Tmp-/npm-1312505057602/1312505057601-0.3457965194247663/contents/package /Users/Alex/.npm/gfx/0.0.1/package.tgz
verbose mkdir'ed /Users/Alex/.npm/gfx/0.0.1
verbose tar about to write tar and gzip it.
silly tar args [ '-cvf',
silly tar args   '-',
silly tar args   'package/Cakefile',
silly tar args   'package/index.html',
silly tar args   'package/LICENSE',
silly tar args   'package/package.json',
silly tar args   'package/README.md',
silly tar args   'package/lib/gfx.cube.js',
silly tar args   'package/lib/gfx.flip.js',
silly tar args   'package/lib/gfx.js',
silly tar args   'package/lib/gfx.overlay.js',
silly tar args   'package/site/jquery.js',
silly tar args   'package/site/site.css',
silly tar args   'package/src/gfx.coffee',
silly tar args   'package/src/gfx.cube.coffee',
silly tar args   'package/src/gfx.flip.coffee',
silly tar args   'package/src/gfx.overlay.coffee',
silly tar args   'package/examples/login/index.html',
silly tar args   'package/examples/login/css/application.less',
silly tar args   'package/examples/login/css/utils.less',
silly tar args   'package/examples/login/lib/coffee-script.js',
silly tar args   'package/examples/login/lib/less.js',
silly tar args   'package/examples/windows8/index.html',
silly tar args   'package/examples/windows8/css/application.less',
silly tar args   'package/examples/windows8/css/utils.less',
silly tar args   'package/examples/windows8/lib/coffee-script.js',
silly tar args   'package/examples/windows8/lib/less.js' ]
verbose success tar -cvf - <file list elided>
verbose success gzip "--stdout"
verbose mkdir walkDirs /Users
verbose mkdir walkDirs /Users/Alex
verbose mkdir walkDirs /Users/Alex/.npm
verbose mkdir walkDirs /Users/Alex/.npm/gfx
verbose mkdir walkDirs /Users/Alex/.npm/gfx/0.0.1
verbose mkdir walkDirs /Users/Alex/.npm/gfx/0.0.1/___package.npm
verbose mkdir (expected) error ENOENT, No such file or directory '/Users/Alex/.npm/gfx/0.0.1/___package.npm'
verbose mkdir done: /Users/Alex/.npm/gfx/0.0.1/___package.npm 755
verbose unpack_ uid, gid [ undefined, undefined ]
verbose unpackTarget /Users/Alex/.npm/gfx/0.0.1/package
silly gunzTarPerm modes [ '755', '644' ]
verbose success gzip "--decompress" "--stdout" "/Users/Alex/.npm/gfx/0.0.1/package.tgz"
verbose success tar "-mvxpf" "-" "-o" "-C" "/Users/Alex/.npm/gfx/0.0.1/___package.npm"
silly asyncMap in gTP /Users/Alex/.npm/gfx/0.0.1/___package.npm/package/
silly asyncMap in gTP /Users/Alex/.npm/gfx/0.0.1/___package.npm/package/Cakefile
silly asyncMap in gTP /Users/Alex/.npm/gfx/0.0.1/___package.npm/package/index.html
silly asyncMap in gTP /Users/Alex/.npm/gfx/0.0.1/___package.npm/package/LICENSE
silly asyncMap in gTP /Users/Alex/.npm/gfx/0.0.1/___package.npm/package/package.json
silly asyncMap in gTP /Users/Alex/.npm/gfx/0.0.1/___package.npm/package/README.md
silly asyncMap in gTP /Users/Alex/.npm/gfx/0.0.1/___package.npm/package/lib/
silly asyncMap in gTP /Users/Alex/.npm/gfx/0.0.1/___package.npm/package/lib/gfx.cube.js
silly asyncMap in gTP /Users/Alex/.npm/gfx/0.0.1/___package.npm/package/lib/gfx.flip.js
silly asyncMap in gTP /Users/Alex/.npm/gfx/0.0.1/___package.npm/package/lib/gfx.js
silly asyncMap in gTP /Users/Alex/.npm/gfx/0.0.1/___package.npm/package/lib/gfx.overlay.js
silly asyncMap in gTP /Users/Alex/.npm/gfx/0.0.1/___package.npm/package/site/
silly asyncMap in gTP /Users/Alex/.npm/gfx/0.0.1/___package.npm/package/site/jquery.js
silly asyncMap in gTP /Users/Alex/.npm/gfx/0.0.1/___package.npm/package/site/site.css
silly asyncMap in gTP /Users/Alex/.npm/gfx/0.0.1/___package.npm/package/src/
silly asyncMap in gTP /Users/Alex/.npm/gfx/0.0.1/___package.npm/package/src/gfx.coffee
silly asyncMap in gTP /Users/Alex/.npm/gfx/0.0.1/___package.npm/package/src/gfx.cube.coffee
silly asyncMap in gTP /Users/Alex/.npm/gfx/0.0.1/___package.npm/package/src/gfx.flip.coffee
silly asyncMap in gTP /Users/Alex/.npm/gfx/0.0.1/___package.npm/package/src/gfx.overlay.coffee
silly asyncMap in gTP /Users/Alex/.npm/gfx/0.0.1/___package.npm/package/examples/
silly asyncMap in gTP /Users/Alex/.npm/gfx/0.0.1/___package.npm/package/examples/login/
silly asyncMap in gTP /Users/Alex/.npm/gfx/0.0.1/___package.npm/package/examples/login/index.html
silly asyncMap in gTP /Users/Alex/.npm/gfx/0.0.1/___package.npm/package/examples/login/css/
silly asyncMap in gTP /Users/Alex/.npm/gfx/0.0.1/___package.npm/package/examples/login/css/application.less
silly asyncMap in gTP /Users/Alex/.npm/gfx/0.0.1/___package.npm/package/examples/login/css/utils.less
silly asyncMap in gTP /Users/Alex/.npm/gfx/0.0.1/___package.npm/package/examples/login/lib/
silly asyncMap in gTP /Users/Alex/.npm/gfx/0.0.1/___package.npm/package/examples/login/lib/coffee-script.js
silly asyncMap in gTP /Users/Alex/.npm/gfx/0.0.1/___package.npm/package/examples/login/lib/less.js
silly asyncMap in gTP /Users/Alex/.npm/gfx/0.0.1/___package.npm/package/examples/windows8/
silly asyncMap in gTP /Users/Alex/.npm/gfx/0.0.1/___package.npm/package/examples/windows8/index.html
silly asyncMap in gTP /Users/Alex/.npm/gfx/0.0.1/___package.npm/package/examples/windows8/css/
silly asyncMap in gTP /Users/Alex/.npm/gfx/0.0.1/___package.npm/package/examples/windows8/css/application.less
silly asyncMap in gTP /Users/Alex/.npm/gfx/0.0.1/___package.npm/package/examples/windows8/css/utils.less
silly asyncMap in gTP /Users/Alex/.npm/gfx/0.0.1/___package.npm/package/examples/windows8/lib/
silly asyncMap in gTP /Users/Alex/.npm/gfx/0.0.1/___package.npm/package/examples/windows8/lib/coffee-script.js
silly asyncMap in gTP /Users/Alex/.npm/gfx/0.0.1/___package.npm/package/examples/windows8/lib/less.js
verbose gunzed /Users/Alex/.npm/gfx/0.0.1/___package.npm/package
verbose rm'ed /Users/Alex/.npm/gfx/0.0.1/package
verbose renamed [ '/Users/Alex/.npm/gfx/0.0.1/___package.npm/package',
verbose renamed   '/Users/Alex/.npm/gfx/0.0.1/package' ]
silly testEngine { name: 'gfx',
silly testEngine   description: '3D CSS3 animation library for jQuery',
silly testEngine   version: '0.0.1',
silly testEngine   author: { name: 'maccman' },
silly testEngine   licenses: 
silly testEngine    [ { type: 'MIT',
silly testEngine        url: 'https://github.com/maccman/gfx/blob/master/LICENSE' } ],
silly testEngine   repository: 
silly testEngine    { type: 'git',
silly testEngine      url: 'git://github.com/maccman/gfx.git' },
silly testEngine   engine: [ '*' ],
silly testEngine   main: './lib/gfx.js',
silly testEngine   dependencies: { jqueryify: '~0.0.1' },
silly testEngine   _npmJsonOpts: 
silly testEngine    { file: '/Users/Alex/.npm/gfx/0.0.1/package/package.json',
silly testEngine      wscript: false,
silly testEngine      contributors: false,
silly testEngine      serverjs: false },
silly testEngine   _id: 'gfx@0.0.1',
silly testEngine   devDependencies: {},
silly testEngine   engines: { node: '*' },
silly testEngine   _engineSupported: true,
silly testEngine   _npmVersion: '1.0.22',
silly testEngine   _nodeVersion: 'v0.4.10',
silly testEngine   _defaultsLoaded: true,
silly testEngine   dist: { shasum: '3a349c12c965ac83888294f61c6cc76d9131ead8' },
silly testEngine   scripts: {} }
verbose caching /Users/Alex/.npm/gfx/0.0.1/package/package.json
verbose loadDefaults gfx@0.0.1
silly updated sha bytes 40960
silly updated sha bytes 40960
silly updated sha bytes 40960
silly updated sha bytes 40960
silly updated sha bytes 19442
info shasum 3a349c12c965ac83888294f61c6cc76d9131ead8
info shasum /Users/Alex/.npm/gfx/0.0.1/package.tgz
verbose from cache /Users/Alex/.npm/gfx/0.0.1/package/package.json
verbose chmod /Users/Alex/.npm/gfx/0.0.1/package.tgz 644
silly resolved [ { name: 'gfx',
silly resolved     description: '3D CSS3 animation library for jQuery',
silly resolved     version: '0.0.1',
silly resolved     author: { name: 'maccman' },
silly resolved     licenses: 
silly resolved      [ { type: 'MIT',
silly resolved          url: 'https://github.com/maccman/gfx/blob/master/LICENSE' } ],
silly resolved     repository: 
silly resolved      { type: 'git',
silly resolved        url: 'git://github.com/maccman/gfx.git' },
silly resolved     engine: [ '*' ],
silly resolved     main: './lib/gfx.js',
silly resolved     dependencies: { jqueryify: '~0.0.1' },
silly resolved     _npmJsonOpts: 
silly resolved      { file: '/Users/Alex/.npm/gfx/0.0.1/package/package.json',
silly resolved        wscript: false,
silly resolved        contributors: false,
silly resolved        serverjs: false },
silly resolved     _id: 'gfx@0.0.1',
silly resolved     devDependencies: {},
silly resolved     engines: { node: '*' },
silly resolved     _engineSupported: true,
silly resolved     _npmVersion: '1.0.22',
silly resolved     _nodeVersion: 'v0.4.10',
silly resolved     _defaultsLoaded: true,
silly resolved     dist: { shasum: '3a349c12c965ac83888294f61c6cc76d9131ead8' },
silly resolved     scripts: {} } ]
info into /usr/local/lib gfx@0.0.1
info installOne gfx@0.0.1
info unbuild /usr/local/lib/node_modules/gfx
verbose from cache /Users/Alex/.npm/gfx/0.0.1/package/package.json
verbose mkdir walkDirs /usr
verbose mkdir walkDirs /usr/local
verbose mkdir walkDirs /usr/local/lib
verbose mkdir walkDirs /usr/local/lib/node_modules
verbose mkdir walkDirs /usr/local/lib/node_modules/___gfx.npm
verbose mkdir (expected) error ENOENT, No such file or directory '/usr/local/lib/node_modules/___gfx.npm'
verbose mkdir done: /usr/local/lib/node_modules/___gfx.npm 755
verbose unpack_ uid, gid [ undefined, undefined ]
verbose unpackTarget /usr/local/lib/node_modules/gfx
silly gunzTarPerm modes [ '755', '644' ]
verbose success gzip "--decompress" "--stdout" "/Users/Alex/.npm/gfx/0.0.1/package.tgz"
verbose success tar "-mvxpf" "-" "-o" "-C" "/usr/local/lib/node_modules/___gfx.npm"
silly asyncMap in gTP /usr/local/lib/node_modules/___gfx.npm/package/
silly asyncMap in gTP /usr/local/lib/node_modules/___gfx.npm/package/Cakefile
silly asyncMap in gTP /usr/local/lib/node_modules/___gfx.npm/package/index.html
silly asyncMap in gTP /usr/local/lib/node_modules/___gfx.npm/package/LICENSE
silly asyncMap in gTP /usr/local/lib/node_modules/___gfx.npm/package/package.json
silly asyncMap in gTP /usr/local/lib/node_modules/___gfx.npm/package/README.md
silly asyncMap in gTP /usr/local/lib/node_modules/___gfx.npm/package/lib/
silly asyncMap in gTP /usr/local/lib/node_modules/___gfx.npm/package/lib/gfx.cube.js
silly asyncMap in gTP /usr/local/lib/node_modules/___gfx.npm/package/lib/gfx.flip.js
silly asyncMap in gTP /usr/local/lib/node_modules/___gfx.npm/package/lib/gfx.js
silly asyncMap in gTP /usr/local/lib/node_modules/___gfx.npm/package/lib/gfx.overlay.js
silly asyncMap in gTP /usr/local/lib/node_modules/___gfx.npm/package/site/
silly asyncMap in gTP /usr/local/lib/node_modules/___gfx.npm/package/site/jquery.js
silly asyncMap in gTP /usr/local/lib/node_modules/___gfx.npm/package/site/site.css
silly asyncMap in gTP /usr/local/lib/node_modules/___gfx.npm/package/src/
silly asyncMap in gTP /usr/local/lib/node_modules/___gfx.npm/package/src/gfx.coffee
silly asyncMap in gTP /usr/local/lib/node_modules/___gfx.npm/package/src/gfx.cube.coffee
silly asyncMap in gTP /usr/local/lib/node_modules/___gfx.npm/package/src/gfx.flip.coffee
silly asyncMap in gTP /usr/local/lib/node_modules/___gfx.npm/package/src/gfx.overlay.coffee
silly asyncMap in gTP /usr/local/lib/node_modules/___gfx.npm/package/examples/
silly asyncMap in gTP /usr/local/lib/node_modules/___gfx.npm/package/examples/login/
silly asyncMap in gTP /usr/local/lib/node_modules/___gfx.npm/package/examples/login/index.html
silly asyncMap in gTP /usr/local/lib/node_modules/___gfx.npm/package/examples/login/css/
silly asyncMap in gTP /usr/local/lib/node_modules/___gfx.npm/package/examples/login/css/application.less
silly asyncMap in gTP /usr/local/lib/node_modules/___gfx.npm/package/examples/login/css/utils.less
silly asyncMap in gTP /usr/local/lib/node_modules/___gfx.npm/package/examples/login/lib/
silly asyncMap in gTP /usr/local/lib/node_modules/___gfx.npm/package/examples/login/lib/coffee-script.js
silly asyncMap in gTP /usr/local/lib/node_modules/___gfx.npm/package/examples/login/lib/less.js
silly asyncMap in gTP /usr/local/lib/node_modules/___gfx.npm/package/examples/windows8/
silly asyncMap in gTP /usr/local/lib/node_modules/___gfx.npm/package/examples/windows8/index.html
silly asyncMap in gTP /usr/local/lib/node_modules/___gfx.npm/package/examples/windows8/css/
silly asyncMap in gTP /usr/local/lib/node_modules/___gfx.npm/package/examples/windows8/css/application.less
silly asyncMap in gTP /usr/local/lib/node_modules/___gfx.npm/package/examples/windows8/css/utils.less
silly asyncMap in gTP /usr/local/lib/node_modules/___gfx.npm/package/examples/windows8/lib/
silly asyncMap in gTP /usr/local/lib/node_modules/___gfx.npm/package/examples/windows8/lib/coffee-script.js
silly asyncMap in gTP /usr/local/lib/node_modules/___gfx.npm/package/examples/windows8/lib/less.js
verbose gunzed /usr/local/lib/node_modules/___gfx.npm/package
verbose rm'ed /usr/local/lib/node_modules/gfx
verbose renamed [ '/usr/local/lib/node_modules/___gfx.npm/package',
verbose renamed   '/usr/local/lib/node_modules/gfx' ]
silly testEngine { name: 'gfx',
silly testEngine   description: '3D CSS3 animation library for jQuery',
silly testEngine   version: '0.0.1',
silly testEngine   author: { name: 'maccman' },
silly testEngine   licenses: 
silly testEngine    [ { type: 'MIT',
silly testEngine        url: 'https://github.com/maccman/gfx/blob/master/LICENSE' } ],
silly testEngine   repository: 
silly testEngine    { type: 'git',
silly testEngine      url: 'git://github.com/maccman/gfx.git' },
silly testEngine   engine: [ '*' ],
silly testEngine   main: './lib/gfx.js',
silly testEngine   dependencies: { jqueryify: '~0.0.1' },
silly testEngine   _npmJsonOpts: 
silly testEngine    { file: '/usr/local/lib/node_modules/gfx/package.json',
silly testEngine      wscript: false,
silly testEngine      contributors: false,
silly testEngine      serverjs: false },
silly testEngine   _id: 'gfx@0.0.1',
silly testEngine   devDependencies: {},
silly testEngine   engines: { node: '*' },
silly testEngine   _engineSupported: true,
silly testEngine   _npmVersion: '1.0.22',
silly testEngine   _nodeVersion: 'v0.4.10',
silly testEngine   _defaultsLoaded: true,
silly testEngine   scripts: {} }
verbose caching /usr/local/lib/node_modules/gfx/package.json
verbose loadDefaults gfx@0.0.1
info preinstall gfx@0.0.1
verbose from cache /usr/local/lib/node_modules/gfx/package.json
verbose into /usr/local/lib/node_modules/gfx [ 'jqueryify@~0.0.1' ]
verbose cache add [ 'jqueryify@~0.0.1', null ]
info addNamed [ 'jqueryify', '~0.0.1' ]
verbose addNamed [ null, '>=0.0.1 <0.1.0' ]
verbose GET jqueryify
verbose raw, before any munging jqueryify
verbose url resolving [ 'https://registry.npmjs.org/', './jqueryify' ]
verbose url resolved https://registry.npmjs.org/jqueryify
verbose url parsed { protocol: 'https:',
verbose url parsed   slashes: true,
verbose url parsed   host: 'registry.npmjs.org',
verbose url parsed   hostname: 'registry.npmjs.org',
verbose url parsed   href: 'https://registry.npmjs.org/jqueryify',
verbose url parsed   pathname: '/jqueryify' }
verbose etag "DSOODUWRQULNMGROV6BBWQJG6"
verbose response https://registry.npmjs.org/jqueryify
silly chunk <html><title>Request timeout</title><body><h1>Request timeout</h1></body></html>
verbose bad json <html><title>Request timeout</title><body><h1>Request timeout</h1></body></html>
ERR! registry error parsing json
silly get cb [ 408,
silly get cb   { 'content-type': 'text/html',
silly get cb     'content-length': '80' } ]
verbose about to build /usr/local/lib/node_modules/gfx
ERR! error installing gfx@0.0.1 SyntaxError: Unexpected token ILLEGAL
ERR! error installing gfx@0.0.1 <html><title>Request timeout</title><body><h1>Request timeout</h1></body></html>
ERR! error installing gfx@0.0.1     at Object.parse (native)
ERR! error installing gfx@0.0.1     at IncomingMessage.<anonymous> (/usr/local/lib/node_modules/npm/lib/utils/npm-registry-client/request.js:163:25)
ERR! error installing gfx@0.0.1     at IncomingMessage.emit (events.js:81:20)
ERR! error installing gfx@0.0.1     at HTTPParser.onMessageComplete (http.js:133:23)
ERR! error installing gfx@0.0.1     at CleartextStream.ondata (http.js:1228:22)
ERR! error installing gfx@0.0.1     at CleartextStream._push (tls.js:303:27)
ERR! error installing gfx@0.0.1     at SecurePair.cycle (tls.js:577:20)
ERR! error installing gfx@0.0.1     at EncryptedStream.write (tls.js:96:13)
ERR! error installing gfx@0.0.1     at Socket.ondata (stream.js:36:26)
ERR! error installing gfx@0.0.1     at Socket.emit (events.js:64:17)
info unbuild /usr/local/lib/node_modules/gfx
verbose from cache /usr/local/lib/node_modules/gfx/package.json
info preuninstall gfx@0.0.1
info uninstall gfx@0.0.1
verbose unbuild gfx@0.0.1 [ true,
verbose unbuild gfx@0.0.1   '/usr/local/lib/node_modules',
verbose unbuild gfx@0.0.1   '/usr/local/lib/node_modules' ]
info postuninstall gfx@0.0.1
verbose installOne cb gfx@0.0.1
ERR! SyntaxError: Unexpected token ILLEGAL
ERR! <html><title>Request timeout</title><body><h1>Request timeout</h1></body></html>
ERR!     at Object.parse (native)
ERR!     at IncomingMessage.<anonymous> (/usr/local/lib/node_modules/npm/lib/utils/npm-registry-client/request.js:163:25)
ERR!     at IncomingMessage.emit (events.js:81:20)
ERR!     at HTTPParser.onMessageComplete (http.js:133:23)
ERR!     at CleartextStream.ondata (http.js:1228:22)
ERR!     at CleartextStream._push (tls.js:303:27)
ERR!     at SecurePair.cycle (tls.js:577:20)
ERR!     at EncryptedStream.write (tls.js:96:13)
ERR!     at Socket.ondata (stream.js:36:26)
ERR!     at Socket.emit (events.js:64:17)
ERR! Report this *entire* log at:
ERR!     <http://github.com/isaacs/npm/issues>
ERR! or email it to:
ERR!     <npm-@googlegroups.com>
ERR! 
ERR! System Darwin 10.7.1
ERR! command "node" "/usr/local/bin/npm" "install" "-g" "."
ERR! cwd /Users/Alex/gfx
ERR! node -v v0.4.10
ERR! npm -v 1.0.22
verbose exit [ 1, true ]
